src/freenet/client/async/ClientRequestSelector.java
src/freenet/client/async/DatastoreChecker.java
src/freenet/client/async/LowLevelKeyFetcher.java
src/freenet/client/async/OfferedKeysList.java
src/freenet/io/comm/Message.java
src/freenet/io/comm/MessageCore.java
src/freenet/io/comm/UdpSocketHandler.java
src/freenet/io/xfer/BlockReceiver.java
src/freenet/io/xfer/BlockTransmitter.java
src/freenet/l10n/freenet.l10n.en.properties
src/freenet/node/BasePeerNode.java
src/freenet/node/BypassBase.java
src/freenet/node/BypassMessageQueue.java
src/freenet/node/BypassPacketFormat.java
src/freenet/node/CHKInsertHandler.java
src/freenet/node/DummyPacketFormat.java
src/freenet/node/MessageItem.java
src/freenet/node/MessageQueue.java
src/freenet/node/MultiMessageCallback.java
src/freenet/node/NewPacketFormat.java
src/freenet/node/Node.java
src/freenet/node/NodeClientCore.java
src/freenet/node/NodeCrypto.java
src/freenet/node/NodeDispatcher.java
src/freenet/node/NodeStarter.java
src/freenet/node/PacketSender.java
src/freenet/node/PeerManager.java
src/freenet/node/PeerMessageQueue.java
src/freenet/node/PeerNode.java
src/freenet/node/RequestSender.java
src/freenet/node/RequestStarter.java
src/freenet/node/RequestStarterGroup.java
src/freenet/node/RequestTracker.java
src/freenet/node/RequestTrackerSnooper.java
src/freenet/node/SSKInsertHandler.java
src/freenet/node/SlowBypassMessageQueue.java
src/freenet/node/SnoopingRequestTracker.java
src/freenet/node/UIDTag.java
src/freenet/node/probe/Probe.java
src/freenet/node/simulator/BootstrapPullTest.java
src/freenet/node/simulator/BootstrapPushPullTest.java
src/freenet/node/simulator/BootstrapSeedTest.java
src/freenet/node/simulator/LongTermMHKTest.java
src/freenet/node/simulator/LongTermManySingleBlocksTest.java
src/freenet/node/simulator/LongTermPushPullCHKTest.java
src/freenet/node/simulator/LongTermPushPullTest.java
src/freenet/node/simulator/LongTermPushRepullTest.java
src/freenet/node/simulator/LongTermTest.java
src/freenet/node/simulator/RealNodeBusyNetworkTest.java
src/freenet/node/simulator/RealNodePingTest.java
src/freenet/node/simulator/RealNodeProbeTest.java
src/freenet/node/simulator/RealNodeRequestInsertTest.java
src/freenet/node/simulator/RealNodeRoutingTest.java
src/freenet/node/simulator/RealNodeTest.java
src/freenet/node/simulator/RealNodeULPRTest.java
src/freenet/node/simulator/SeednodePingTest.java
src/freenet/node/simulator/TestUtil.java
src/freenet/node/simulator/package-info.java
src/freenet/node/simulator/readme.txt
src/freenet/node/updater/NodeUpdateManager.java
src/freenet/node/updater/RevocationChecker.java
src/freenet/node/updater/UpdateOverMandatoryManager.java
src/freenet/store/KeyCollisionException.java
src/freenet/support/PrioritizedTicker.java
src/freenet/support/math/SimpleSampleStatistics.java
src/freenet/support/math/TimeRunningAverage.java
src/freenet/support/math/TrivialRunningAverage.java
